<?xml version="1.0" encoding="UTF-8"?>
<testsuite name="com.example.storeapi.StoreApiApplicationTests" tests="1" skipped="0" failures="0" errors="0" timestamp="2025-04-02T22:30:23.321Z" hostname="MacBook-Pro-som-tillhor-Furkan.local" time="0.941">
  <properties/>
  <testcase name="contextLoads()" classname="com.example.storeapi.StoreApiApplicationTests" time="0.941"/>
  <system-out><![CDATA[00:30:21.170 [Test worker] INFO org.springframework.test.context.support.AnnotationConfigContextLoaderUtils -- Could not detect default configuration classes for test class [com.example.storeapi.StoreApiApplicationTests]: StoreApiApplicationTests does not declare any static, non-private, non-final, nested classes annotated with @Configuration.
00:30:21.317 [Test worker] INFO org.springframework.boot.test.context.SpringBootTestContextBootstrapper -- Found @SpringBootConfiguration com.example.storeapi.StoreApiApplication for test class com.example.storeapi.StoreApiApplicationTests

  .   ____          _            __ _ _
 /\\ / ___'_ __ _ _(_)_ __  __ _ \ \ \ \
( ( )\___ | '_ | '_| | '_ \/ _` | \ \ \ \
 \\/  ___)| |_)| | | | | || (_| |  ) ) ) )
  '  |____| .__|_| |_|_| |_\__, | / / / /
 =========|_|==============|___/=/_/_/_/

 :: Spring Boot ::                (v3.4.4)

2025-04-03T00:30:21.831+02:00  INFO 69905 --- [StoreAPI] [    Test worker] c.e.storeapi.StoreApiApplicationTests    : Starting StoreApiApplicationTests using Java 21.0.1 with PID 69905 (started by furkankuzey in /Users/furkankuzey/Documents/programering/FakeStoreAPI)
2025-04-03T00:30:21.833+02:00  INFO 69905 --- [StoreAPI] [    Test worker] c.e.storeapi.StoreApiApplicationTests    : No active profile set, falling back to 1 default profile: "default"
2025-04-03T00:30:23.298+02:00  INFO 69905 --- [StoreAPI] [    Test worker] c.e.storeapi.StoreApiApplicationTests    : Started StoreApiApplicationTests in 1.786 seconds (process running for 3.309)
]]></system-out>
  <system-err><![CDATA[Mockito is currently self-attaching to enable the inline-mock-maker. This will no longer work in future releases of the JDK. Please add Mockito as an agent to your build what is described in Mockito's documentation: https://javadoc.io/doc/org.mockito/mockito-core/latest/org/mockito/Mockito.html#0.3
WARNING: A Java agent has been loaded dynamically (/Users/furkankuzey/.gradle/caches/modules-2/files-2.1/net.bytebuddy/byte-buddy-agent/1.15.11/a38b16385e867f59a641330f0362ebe742788ed8/byte-buddy-agent-1.15.11.jar)
WARNING: If a serviceability tool is in use, please run with -XX:+EnableDynamicAgentLoading to hide this warning
WARNING: If a serviceability tool is not in use, please run with -Djdk.instrument.traceUsage for more information
WARNING: Dynamic loading of agents will be disallowed by default in a future release
]]></system-err>
</testsuite>
